Using pre-set license
Built from '2020.3/release' branch; Version is '2020.3.7f1 (dd97f2c94397) revision 14522354'; Using compiler version '192528614'; Build Type 'Release'
OS: 'Windows 10 Home; OS build 19043.1165; Version 2009; 64bit' Language: 'en' Physical Memory: 7959 MB
BatchMode: 1, IsHumanControllingUs: 0, StartBugReporterOnCrash: 0, Is64bit: 1, IsPro: 0

 COMMAND LINE ARGUMENTS:
C:\Program Files\Unity\Hub\Editor\2020.3.7f1\Editor\Unity.exe
-adb2
-batchMode
-noUpm
-name
AssetImportWorker0
-projectPath
C:/Users/tiffa/OneDrive/Desktop/maze world
-logFile
Logs/AssetImportWorker0.log
-srvPort
60672
Successfully changed project path to: C:/Users/tiffa/OneDrive/Desktop/maze world
C:/Users/tiffa/OneDrive/Desktop/maze world
Using Asset Import Pipeline V2.
Refreshing native plugins compatible for Editor in 34.59 ms, found 1 plugins.
Preloading 0 native plugins for Editor in 0.00 ms.
Initialize engine version: 2020.3.7f1 (dd97f2c94397)
[Subsystems] Discovering subsystems at path C:/Program Files/Unity/Hub/Editor/2020.3.7f1/Editor/Data/Resources/UnitySubsystems
[Subsystems] Discovering subsystems at path C:/Users/tiffa/OneDrive/Desktop/maze world/Assets
GfxDevice: creating device client; threaded=0
Direct3D:
    Version:  Direct3D 11.0 [level 11.1]
    Renderer: Intel(R) UHD Graphics (ID=0x8a56)
    Vendor:   
    VRAM:     3979 MB
    Driver:   26.20.100.7463
Initialize mono
Mono path[0] = 'C:/Program Files/Unity/Hub/Editor/2020.3.7f1/Editor/Data/Managed'
Mono path[1] = 'C:/Program Files/Unity/Hub/Editor/2020.3.7f1/Editor/Data/MonoBleedingEdge/lib/mono/unityjit'
Mono config path = 'C:/Program Files/Unity/Hub/Editor/2020.3.7f1/Editor/Data/MonoBleedingEdge/etc'
Using monoOptions --debugger-agent=transport=dt_socket,embedding=1,server=y,suspend=n,address=127.0.0.1:56548
Begin MonoManager ReloadAssembly
Registering precompiled unity dll's ...
Register platform support module: C:/Program Files/Unity/Hub/Editor/2020.3.7f1/Editor/Data/PlaybackEngines/WindowsStandaloneSupport/UnityEditor.WindowsStandalone.Extensions.dll
Registered in 0.001609 seconds.
Native extension for WindowsStandalone target not found
Refreshing native plugins compatible for Editor in 31.32 ms, found 1 plugins.
Preloading 0 native plugins for Editor in 0.00 ms.
Mono: successfully reloaded assembly
- Completed reload, in  1.045 seconds
Platform modules already initialized, skipping
Registering precompiled user dll's ...
Registered in 0.001008 seconds.
Begin MonoManager ReloadAssembly
Native extension for WindowsStandalone target not found
Refreshing native plugins compatible for Editor in 0.27 ms, found 1 plugins.
Preloading 0 native plugins for Editor in 0.00 ms.
Mono: successfully reloaded assembly
- Completed reload, in  0.831 seconds
Platform modules already initialized, skipping
========================================================================
Worker process is ready to serve import requests
Launched and connected shader compiler UnityShaderCompiler.exe after 0.07 seconds
Refreshing native plugins compatible for Editor in 0.26 ms, found 1 plugins.
Preloading 0 native plugins for Editor in 0.00 ms.
Unloading 1510 Unused Serialized files (Serialized files now loaded: 0)
System memory in use before: 74.1 MB.
System memory in use after: 74.2 MB.

Unloading 14 unused Assets to reduce memory usage. Loaded Objects now: 1948.
Total: 2.660100 ms (FindLiveObjects: 0.413400 ms CreateObjectMapping: 0.085200 ms MarkObjects: 2.002500 ms  DeleteObjects: 0.157000 ms)

========================================================================
Received Import Request.
  path: Assets/Scenes/level2/LightingData.asset
  artifactKey: Guid(2ab331b58200b3440ae6f50953c968ed) Importer(815301076,1909f56bfc062723c751e8b465ee728b)
Start importing Assets/Scenes/level2/LightingData.asset using Guid(2ab331b58200b3440ae6f50953c968ed) Importer(815301076,1909f56bfc062723c751e8b465ee728b)  -> (artifact id: '09a43b79314a7441bca5c5f0e221f7e0') in 0.059761 seconds
  Import took 0.063520 seconds .

========================================================================
Received Import Request.
  Time since last request: 0.000278 seconds.
  path: Assets/Scenes/level2/ReflectionProbe-0.exr
  artifactKey: Guid(e696ec4f92025534698135dba81bfada) Importer(815301076,1909f56bfc062723c751e8b465ee728b)
Start importing Assets/Scenes/level2/ReflectionProbe-0.exr using Guid(e696ec4f92025534698135dba81bfada) Importer(815301076,1909f56bfc062723c751e8b465ee728b)  -> (artifact id: '5fa9926f95762edff32b4ba188c429c3') in 0.118472 seconds
  Import took 0.121770 seconds .

========================================================================
Received Import Request.
  Time since last request: 0.000734 seconds.
  path: Assets/Scenes/level2
  artifactKey: Guid(d4d31fdef1a3220498ce14d7511b52ad) Importer(815301076,1909f56bfc062723c751e8b465ee728b)
Start importing Assets/Scenes/level2 using Guid(d4d31fdef1a3220498ce14d7511b52ad) Importer(815301076,1909f56bfc062723c751e8b465ee728b)  -> (artifact id: '53253b91e6b6f3d9ed3a70d6d7fa9966') in 0.007092 seconds
  Import took 0.011019 seconds .

========================================================================
Received Import Request.
  Time since last request: 16.644163 seconds.
  path: Assets/Scenes/level2.unity
  artifactKey: Guid(fbf53253413740747ab8bf045fb02814) Importer(815301076,1909f56bfc062723c751e8b465ee728b)
Start importing Assets/Scenes/level2.unity using Guid(fbf53253413740747ab8bf045fb02814) Importer(815301076,1909f56bfc062723c751e8b465ee728b)  -> (artifact id: 'e9e678fa9f10b7a82ec40fb4d1d88510') in 0.008907 seconds
  Import took 0.011923 seconds .

========================================================================
Received Prepare
Registering precompiled user dll's ...
Registered in 0.001079 seconds.
Begin MonoManager ReloadAssembly
Native extension for WindowsStandalone target not found
Refreshing native plugins compatible for Editor in 0.29 ms, found 1 plugins.
Preloading 0 native plugins for Editor in 0.00 ms.
Mono: successfully reloaded assembly
- Completed reload, in  0.798 seconds
Platform modules already initialized, skipping
Refreshing native plugins compatible for Editor in 0.26 ms, found 1 plugins.
Preloading 0 native plugins for Editor in 0.00 ms.
Unloading 1471 Unused Serialized files (Serialized files now loaded: 0)
System memory in use before: 74.1 MB.
System memory in use after: 74.2 MB.

Unloading 9 unused Assets to reduce memory usage. Loaded Objects now: 1983.
Total: 1.557500 ms (FindLiveObjects: 0.138600 ms CreateObjectMapping: 0.042400 ms MarkObjects: 1.316600 ms  DeleteObjects: 0.058100 ms)

========================================================================
Received Prepare
Registering precompiled user dll's ...
Registered in 0.000933 seconds.
Begin MonoManager ReloadAssembly
Native extension for WindowsStandalone target not found
Refreshing native plugins compatible for Editor in 0.27 ms, found 1 plugins.
Preloading 0 native plugins for Editor in 0.00 ms.
Mono: successfully reloaded assembly
- Completed reload, in  0.794 seconds
Platform modules already initialized, skipping
Refreshing native plugins compatible for Editor in 0.27 ms, found 1 plugins.
Preloading 0 native plugins for Editor in 0.00 ms.
Unloading 1471 Unused Serialized files (Serialized files now loaded: 0)
System memory in use before: 74.2 MB.
System memory in use after: 74.3 MB.

Unloading 9 unused Assets to reduce memory usage. Loaded Objects now: 1986.
Total: 2.269200 ms (FindLiveObjects: 0.226600 ms CreateObjectMapping: 0.077500 ms MarkObjects: 1.894400 ms  DeleteObjects: 0.068800 ms)

========================================================================
Received Import Request.
  Time since last request: 779.569615 seconds.
  path: Assets/materials/New Material 2.mat
  artifactKey: Guid(d86fa929eb03bfd458acaadc8938961a) Importer(815301076,1909f56bfc062723c751e8b465ee728b)
Start importing Assets/materials/New Material 2.mat using Guid(d86fa929eb03bfd458acaadc8938961a) Importer(815301076,1909f56bfc062723c751e8b465ee728b)  -> (artifact id: 'a6f2fe729c83af2dacb288a71eb4d556') in 0.102939 seconds
  Import took 0.105819 seconds .

========================================================================
Received Import Request.
  Time since last request: 237.747544 seconds.
  path: Assets/materials/New Material 2.mat
  artifactKey: Guid(d86fa929eb03bfd458acaadc8938961a) Importer(815301076,1909f56bfc062723c751e8b465ee728b)
Start importing Assets/materials/New Material 2.mat using Guid(d86fa929eb03bfd458acaadc8938961a) Importer(815301076,1909f56bfc062723c751e8b465ee728b)  -> (artifact id: '11ec4f7904ca171963290be4be3c3b92') in 0.032075 seconds
  Import took 0.055112 seconds .

========================================================================
Received Prepare
Registering precompiled user dll's ...
Registered in 0.001934 seconds.
Begin MonoManager ReloadAssembly
Native extension for WindowsStandalone target not found
Refreshing native plugins compatible for Editor in 0.30 ms, found 1 plugins.
Preloading 0 native plugins for Editor in 0.00 ms.
Mono: successfully reloaded assembly
- Completed reload, in  1.302 seconds
Platform modules already initialized, skipping
Refreshing native plugins compatible for Editor in 0.39 ms, found 1 plugins.
Preloading 0 native plugins for Editor in 0.00 ms.
Unloading 1471 Unused Serialized files (Serialized files now loaded: 0)
System memory in use before: 74.2 MB.
System memory in use after: 74.3 MB.

Unloading 9 unused Assets to reduce memory usage. Loaded Objects now: 2000.
Total: 3.707300 ms (FindLiveObjects: 0.204000 ms CreateObjectMapping: 0.074800 ms MarkObjects: 3.297700 ms  DeleteObjects: 0.128000 ms)

========================================================================
Received Import Request.
  Time since last request: 585.969727 seconds.
  path: Assets/scripts/playermove.cs
  artifactKey: Guid(028c12e3200423649909bafa2661f1c3) Importer(815301076,1909f56bfc062723c751e8b465ee728b)
Start importing Assets/scripts/playermove.cs using Guid(028c12e3200423649909bafa2661f1c3) Importer(815301076,1909f56bfc062723c751e8b465ee728b)  -> (artifact id: '2aa253f43c30adaa2f600796fe08233a') in 0.035454 seconds
  Import took 0.039567 seconds .

========================================================================
Received Prepare
Registering precompiled user dll's ...
Registered in 0.002079 seconds.
Begin MonoManager ReloadAssembly
Native extension for WindowsStandalone target not found
Refreshing native plugins compatible for Editor in 0.41 ms, found 1 plugins.
Preloading 0 native plugins for Editor in 0.00 ms.
Mono: successfully reloaded assembly
- Completed reload, in  6.200 seconds
Platform modules already initialized, skipping
Refreshing native plugins compatible for Editor in 0.39 ms, found 1 plugins.
Preloading 0 native plugins for Editor in 0.00 ms.
Unloading 1471 Unused Serialized files (Serialized files now loaded: 0)
System memory in use before: 74.3 MB.
System memory in use after: 74.4 MB.

Unloading 9 unused Assets to reduce memory usage. Loaded Objects now: 2003.
Total: 15.191500 ms (FindLiveObjects: 2.486500 ms CreateObjectMapping: 0.158500 ms MarkObjects: 12.359500 ms  DeleteObjects: 0.181800 ms)

========================================================================
Received Import Request.
  Time since last request: 632.360979 seconds.
  path: Assets/prefabs/player.prefab
  artifactKey: Guid(95f7c56fcda5b3940bea932cfc171186) Importer(815301076,1909f56bfc062723c751e8b465ee728b)
Start importing Assets/prefabs/player.prefab using Guid(95f7c56fcda5b3940bea932cfc171186) Importer(815301076,1909f56bfc062723c751e8b465ee728b)  -> (artifact id: '63a2951b9dbd33720d9f92724539bff5') in 0.117940 seconds
  Import took 0.121996 seconds .

========================================================================
Received Import Request.
  Time since last request: 18.582192 seconds.
  path: Assets/prefabs/player.prefab
  artifactKey: Guid(95f7c56fcda5b3940bea932cfc171186) Importer(815301076,1909f56bfc062723c751e8b465ee728b)
Start importing Assets/prefabs/player.prefab using Guid(95f7c56fcda5b3940bea932cfc171186) Importer(815301076,1909f56bfc062723c751e8b465ee728b)  -> (artifact id: 'd9d56a3ac2a46e5d824d230010178388') in 0.025609 seconds
  Import took 0.035584 seconds .

========================================================================
Received Prepare
Registering precompiled user dll's ...
Registered in 0.001064 seconds.
Begin MonoManager ReloadAssembly
Native extension for WindowsStandalone target not found
Refreshing native plugins compatible for Editor in 0.29 ms, found 1 plugins.
Preloading 0 native plugins for Editor in 0.00 ms.
Mono: successfully reloaded assembly
- Completed reload, in  1.113 seconds
Platform modules already initialized, skipping
Refreshing native plugins compatible for Editor in 0.28 ms, found 1 plugins.
Preloading 0 native plugins for Editor in 0.00 ms.
Unloading 1471 Unused Serialized files (Serialized files now loaded: 0)
System memory in use before: 74.3 MB.
System memory in use after: 74.4 MB.

Unloading 10 unused Assets to reduce memory usage. Loaded Objects now: 2008.
Total: 2.006700 ms (FindLiveObjects: 0.275800 ms CreateObjectMapping: 0.104400 ms MarkObjects: 1.554600 ms  DeleteObjects: 0.069800 ms)

========================================================================
Received Prepare
Registering precompiled user dll's ...
Registered in 0.001495 seconds.
Begin MonoManager ReloadAssembly
Native extension for WindowsStandalone target not found
Refreshing native plugins compatible for Editor in 0.90 ms, found 1 plugins.
Preloading 0 native plugins for Editor in 0.00 ms.
Mono: successfully reloaded assembly
- Completed reload, in  1.221 seconds
Platform modules already initialized, skipping
Refreshing native plugins compatible for Editor in 0.28 ms, found 1 plugins.
Preloading 0 native plugins for Editor in 0.00 ms.
Unloading 1471 Unused Serialized files (Serialized files now loaded: 0)
System memory in use before: 74.3 MB.
System memory in use after: 74.4 MB.

Unloading 9 unused Assets to reduce memory usage. Loaded Objects now: 2011.
Total: 2.865200 ms (FindLiveObjects: 0.472800 ms CreateObjectMapping: 0.201300 ms MarkObjects: 2.093900 ms  DeleteObjects: 0.094900 ms)

========================================================================
Received Prepare
Registering precompiled user dll's ...
Registered in 0.000944 seconds.
Begin MonoManager ReloadAssembly
Native extension for WindowsStandalone target not found
Refreshing native plugins compatible for Editor in 0.37 ms, found 1 plugins.
Preloading 0 native plugins for Editor in 0.00 ms.
Mono: successfully reloaded assembly
- Completed reload, in  1.222 seconds
Platform modules already initialized, skipping
Refreshing native plugins compatible for Editor in 0.28 ms, found 1 plugins.
Preloading 0 native plugins for Editor in 0.00 ms.
Unloading 1471 Unused Serialized files (Serialized files now loaded: 0)
System memory in use before: 74.4 MB.
System memory in use after: 74.4 MB.

Unloading 9 unused Assets to reduce memory usage. Loaded Objects now: 2014.
Total: 1.864700 ms (FindLiveObjects: 0.244100 ms CreateObjectMapping: 0.065500 ms MarkObjects: 1.475500 ms  DeleteObjects: 0.074500 ms)

========================================================================
Received Prepare
Registering precompiled user dll's ...
Registered in 0.004501 seconds.
Begin MonoManager ReloadAssembly
Native extension for WindowsStandalone target not found
Refreshing native plugins compatible for Editor in 0.28 ms, found 1 plugins.
Preloading 0 native plugins for Editor in 0.00 ms.
Mono: successfully reloaded assembly
- Completed reload, in  1.126 seconds
Platform modules already initialized, skipping
Refreshing native plugins compatible for Editor in 0.29 ms, found 1 plugins.
Preloading 0 native plugins for Editor in 0.00 ms.
Unloading 1471 Unused Serialized files (Serialized files now loaded: 0)
System memory in use before: 74.4 MB.
System memory in use after: 74.4 MB.

Unloading 9 unused Assets to reduce memory usage. Loaded Objects now: 2017.
Total: 4.555000 ms (FindLiveObjects: 0.347900 ms CreateObjectMapping: 0.099800 ms MarkObjects: 3.987300 ms  DeleteObjects: 0.117500 ms)

========================================================================
Received Import Request.
  Time since last request: 1103.935152 seconds.
  path: Assets/prefabs/player.prefab
  artifactKey: Guid(95f7c56fcda5b3940bea932cfc171186) Importer(815301076,1909f56bfc062723c751e8b465ee728b)
Start importing Assets/prefabs/player.prefab using Guid(95f7c56fcda5b3940bea932cfc171186) Importer(815301076,1909f56bfc062723c751e8b465ee728b)  -> (artifact id: '172a305b7822ec4231cbc3d745faf97f') in 0.081686 seconds
  Import took 0.096763 seconds .

========================================================================
Received Import Request.
  Time since last request: 2.500937 seconds.
  path: Assets/Scenes/level2.unity
  artifactKey: Guid(fbf53253413740747ab8bf045fb02814) Importer(815301076,1909f56bfc062723c751e8b465ee728b)
Start importing Assets/Scenes/level2.unity using Guid(fbf53253413740747ab8bf045fb02814) Importer(815301076,1909f56bfc062723c751e8b465ee728b)  -> (artifact id: 'b8d6df6065909fccdcf79af3b4605084') in 0.014049 seconds
  Import took 0.017162 seconds .

========================================================================
Received Prepare
Registering precompiled user dll's ...
Registered in 0.001975 seconds.
Begin MonoManager ReloadAssembly
Native extension for WindowsStandalone target not found
Refreshing native plugins compatible for Editor in 0.28 ms, found 1 plugins.
Preloading 0 native plugins for Editor in 0.00 ms.
Mono: successfully reloaded assembly
- Completed reload, in  1.372 seconds
Platform modules already initialized, skipping
Refreshing native plugins compatible for Editor in 0.27 ms, found 1 plugins.
Preloading 0 native plugins for Editor in 0.00 ms.
Unloading 1471 Unused Serialized files (Serialized files now loaded: 0)
System memory in use before: 74.3 MB.
System memory in use after: 74.4 MB.

Unloading 10 unused Assets to reduce memory usage. Loaded Objects now: 2021.
Total: 7.313100 ms (FindLiveObjects: 0.531500 ms CreateObjectMapping: 1.424000 ms MarkObjects: 5.246200 ms  DeleteObjects: 0.109300 ms)

AssetImportWorkerClient::OnTransportError - code=2 error=End of file
